"grupo" max=0 48
"NOTA" max=100 64
"Makefile" max="-1" -1
"compilação" max="-5" -2
"argumentos" max="-3" 
"main c/ retorno 0" max="-5" 
 max= 
"programas de exemplo" max=6 6
"exemplos correctos" max=6 2
"make iter; make recurs" max=1 0
 max= 
"exemplos correctos" max=35 27
"exemplos errados" max=15 8
 max= 
"lex (regex)" max=5 4
"overflow" max=1 1
"tratamento de escapes str" max=2 1
"tratamento de comentários" max=1 1
"octais" max=2 2
 max= 
"yacc (gram)" max=5 3
"# conflitos" max="-5" 
"left-values" max=2 2
"tratamento de erros" max=2 0
"recursões à esquerda" max=1 0
"expressões prio+assoc" max=2 0
"decl de inits negativos e pos" max=1 0
 max= 
"break/continue" max=2 0
"identificadores" max=3 3
"inicialização" max=3 3
"tipificação de expressões" max=5 4
