
48
OK ../exemplos/ack.fac
OK ../exemplos/add.fac
OK ../exemplos/args.fac
OK ../exemplos/break.fac
KO ../exemplos/bubble.fac
OK ../exemplos/chrindex.fac
KO ../exemplos/com.fac
OK ../exemplos/cont.fac
OK ../exemplos/continue.fac
OK ../exemplos/decl.fac
OK ../exemplos/div.fac
OK ../exemplos/downto.fac
OK ../exemplos/extern.fac
KO ../exemplos/factorial.fac
OK ../exemplos/fib.fac
OK ../exemplos/fit.fac
KO ../exemplos/forward.fac
KO ../exemplos/funcptr.fac
OK ../exemplos/gcd.fac
OK ../exemplos/gt.fac
OK ../exemplos/hello.fac
OK ../exemplos/histograma.fac
OK ../exemplos/if.fac
OK ../exemplos/intindex.fac
OK ../exemplos/local.fac
OK ../exemplos/logic.fac
KO ../exemplos/novrfl.fac
OK ../exemplos/pi.fac
OK ../exemplos/printi.fac
KO ../exemplos/real.fac
KO ../exemplos/sort.fac
OK ../exemplos/strtest.fac
OK ../exemplos/tri.fac
OK ../exemplos/upto.fac
OK ../exemplos/while.fac
TOTAL 27

ko ../errados/badarg.fac
ok ../errados/badinit.fac
ko ../errados/constassign.fac
ok ../errados/noassign.fac
ko ../errados/nobreak.fac
ko ../errados/nocom.fac
ko ../errados/noesc.fac
ko ../errados/noinit.fac
ok ../errados/noleft.fac
ok ../errados/noreal.fac
ok ../errados/novoid.fac
ok ../errados/ovfl2.fac
ok ../errados/ovfl.fac
ko ../errados/shadow2.fac
ok ../errados/shadow.fac
total 8
